[1013/094603.258:ERROR:filesystem_win.cc(129)] GetFileAttributes C:\Users\ach_c\AppData\Local\Google\Chrome\User Data\Crashpad\attachments\54116942-4408-49c1-8815-58f47b628ca3: Le chemin d’accès spécifié est introuvable. (0x3)
[1013/094603.261:ERROR:directory_reader_win.cc(43)] FindFirstFile: Le chemin d’accès spécifié est introuvable. (0x3)
[1014/162027.020:ERROR:directory_reader_win.cc(43)] FindFirstFile: Le chemin d’accès spécifié est introuvable. (0x3)
[1018/174221.100:ERROR:directory_reader_win.cc(43)] FindFirstFile: Le chemin d’accès spécifié est introuvable. (0x3)
[1019/090822.940:ERROR:process_memory_win.cc(73)] ReadMemory at 0x1f73b80aa60 of 72 bytes failed: Seule une partie d’une requête ReadProcessMemory ou WriteProcessMemory a été effectuée. (0x12B)
[1019/090822.946:WARNING:pe_image_annotations_reader.cc(135)] could not read annotations list object in C:\Program Files (x86)\Google\Chrome\Application\86.0.4240.75\chrome_elf.dll
[1019/090822.946:ERROR:process_memory_win.cc(73)] ReadMemory at 0x7ff9cadd0000 of 64 bytes failed: Seule une partie d’une requête ReadProcessMemory ou WriteProcessMemory a été effectuée. (0x12B)
[1019/090822.946:WARNING:pe_image_reader.cc(340)] could not read dos header from C:\Program Files (x86)\Google\Chrome\Application\86.0.4240.75\chrome.dll
[1019/090822.952:ERROR:process_memory_win.cc(73)] ReadMemory at 0x7ff6b7920000 of 64 bytes failed: Seule une partie d’une requête ReadProcessMemory ou WriteProcessMemory a été effectuée. (0x12B)
[1019/090822.952:WARNING:pe_image_reader.cc(340)] could not read dos header from C:\Program Files (x86)\Google\Chrome\Application\chrome.exe
[1019/090822.952:ERROR:process_memory_win.cc(73)] ReadMemory at 0x7ffa5fe60000 of 64 bytes failed: Seule une partie d’une requête ReadProcessMemory ou WriteProcessMemory a été effectuée. (0x12B)
[1019/090822.952:WARNING:pe_image_reader.cc(340)] could not read dos header from C:\WINDOWS\SYSTEM32\ntdll.dll
[1019/090822.952:ERROR:process_memory_win.cc(73)] ReadMemory at 0x7ffa5e310000 of 64 bytes failed: Seule une partie d’une requête ReadProcessMemory ou WriteProcessMemory a été effectuée. (0x12B)
[1019/090822.952:WARNING:pe_image_reader.cc(340)] could not read dos header from C:\WINDOWS\System32\KERNEL32.dll
[1019/090822.952:ERROR:process_memory_win.cc(73)] ReadMemory at 0x7ffa5d870000 of 64 bytes failed: Seule une partie d’une requête ReadProcessMemory ou WriteProcessMemory a été effectuée. (0x12B)
[1019/090822.952:WARNING:pe_image_reader.cc(340)] could not read dos header from C:\WINDOWS\System32\KERNELBASE.dll
[1019/090822.952:ERROR:process_memory_win.cc(73)] ReadMemory at 0x7ffa22480000 of 64 bytes failed: Seule une partie d’une requête ReadProcessMemory ou WriteProcessMemory a été effectuée. (0x12B)
[1019/090822.952:WARNING:pe_image_reader.cc(340)] could not read dos header from C:\Program Files (x86)\Google\Chrome\Application\86.0.4240.75\chrome_elf.dll
[1019/090822.952:ERROR:process_memory_win.cc(73)] ReadMemory at 0x7ffa57570000 of 64 bytes failed: Seule une partie d’une requête ReadProcessMemory ou WriteProcessMemory a été effectuée. (0x12B)
[1019/090822.952:WARNING:pe_image_reader.cc(340)] could not read dos header from C:\WINDOWS\SYSTEM32\VERSION.dll
[1019/090822.952:ERROR:process_memory_win.cc(73)] ReadMemory at 0x7ffa5f580000 of 64 bytes failed: Seule une partie d’une requête ReadProcessMemory ou WriteProcessMemory a été effectuée. (0x12B)
[1019/090822.952:WARNING:pe_image_reader.cc(340)] could not read dos header from C:\WINDOWS\System32\msvcrt.dll
[1019/090822.952:ERROR:process_memory_win.cc(73)] ReadMemory at 0x7ffa5de90000 of 64 bytes failed: Seule une partie d’une requête ReadProcessMemory ou WriteProcessMemory a été effectuée. (0x12B)
[1019/090822.952:WARNING:pe_image_reader.cc(340)] could not read dos header from C:\WINDOWS\System32\bcryptPrimitives.dll
[1019/090822.952:ERROR:process_memory_win.cc(73)] ReadMemory at 0x7ffa5e0c0000 of 64 bytes failed: Seule une partie d’une requête ReadProcessMemory ou WriteProcessMemory a été effectuée. (0x12B)
[1019/090822.953:WARNING:pe_image_reader.cc(340)] could not read dos header from C:\WINDOWS\System32\ADVAPI32.dll
[1019/090822.953:ERROR:process_memory_win.cc(73)] ReadMemory at 0x7ffa5e840000 of 64 bytes failed: Seule une partie d’une requête ReadProcessMemory ou WriteProcessMemory a été effectuée. (0x12B)
[1019/090822.953:WARNING:pe_image_reader.cc(340)] could not read dos header from C:\WINDOWS\System32\sechost.dll
[1019/090822.953:ERROR:process_memory_win.cc(73)] ReadMemory at 0x7ffa5f7b0000 of 64 bytes failed: Seule une partie d’une requête ReadProcessMemory ou WriteProcessMemory a été effectuée. (0x12B)
[1019/090822.953:WARNING:pe_image_reader.cc(340)] could not read dos header from C:\WINDOWS\System32\RPCRT4.dll
[1019/090822.953:ERROR:process_memory_win.cc(73)] ReadMemory at 0x7ff9cadd0000 of 64 bytes failed: Seule une partie d’une requête ReadProcessMemory ou WriteProcessMemory a été effectuée. (0x12B)
[1019/090822.953:WARNING:pe_image_reader.cc(340)] could not read dos header from C:\Program Files (x86)\Google\Chrome\Application\86.0.4240.75\chrome.dll
[1019/090822.953:ERROR:process_memory_win.cc(73)] ReadMemory at 0x7ffa5fae0000 of 64 bytes failed: Seule une partie d’une requête ReadProcessMemory ou WriteProcessMemory a été effectuée. (0x12B)
[1019/090822.953:WARNING:pe_image_reader.cc(340)] could not read dos header from C:\WINDOWS\System32\WS2_32.dll
[1019/090822.953:ERROR:process_memory_win.cc(73)] ReadMemory at 0x7ffa5e8e0000 of 64 bytes failed: Seule une partie d’une requête ReadProcessMemory ou WriteProcessMemory a été effectuée. (0x12B)
[1019/090822.953:WARNING:pe_image_reader.cc(340)] could not read dos header from C:\WINDOWS\System32\OLEAUT32.dll
[1019/090822.953:ERROR:process_memory_win.cc(73)] ReadMemory at 0x7ffa5db20000 of 64 bytes failed: Seule une partie d’une requête ReadProcessMemory ou WriteProcessMemory a été effectuée. (0x12B)
[1019/090822.953:WARNING:pe_image_reader.cc(340)] could not read dos header from C:\WINDOWS\System32\msvcp_win.dll
[1019/090822.953:ERROR:process_memory_win.cc(73)] ReadMemory at 0x7ffa5d770000 of 64 bytes failed: Seule une partie d’une requête ReadProcessMemory ou WriteProcessMemory a été effectuée. (0x12B)
[1019/090822.953:WARNING:pe_image_reader.cc(340)] could not read dos header from C:\WINDOWS\System32\ucrtbase.dll
[1019/090822.953:ERROR:process_memory_win.cc(73)] ReadMemory at 0x7ffa5f130000 of 64 bytes failed: Seule une partie d’une requête ReadProcessMemory ou WriteProcessMemory a été effectuée. (0x12B)
[1019/090822.953:WARNING:pe_image_reader.cc(340)] could not read dos header from C:\WINDOWS\System32\combase.dll
[1019/090822.953:ERROR:process_memory_win.cc(73)] ReadMemory at 0x7ffa5d710000 of 64 bytes failed: Seule une partie d’une requête ReadProcessMemory ou WriteProcessMemory a été effectuée. (0x12B)
[1019/090822.953:WARNING:pe_image_reader.cc(340)] could not read dos header from C:\WINDOWS\System32\WINTRUST.dll
[1019/090822.954:ERROR:process_memory_win.cc(73)] ReadMemory at 0x7ffa5cd80000 of 64 bytes failed: Seule une partie d’une requête ReadProcessMemory ou WriteProcessMemory a été effectuée. (0x12B)
[1019/090822.954:WARNING:pe_image_reader.cc(340)] could not read dos header from C:\WINDOWS\System32\MSASN1.dll
[1019/090822.954:ERROR:process_memory_win.cc(73)] ReadMemory at 0x7ffa5dbe0000 of 64 bytes failed: Seule une partie d’une requête ReadProcessMemory ou WriteProcessMemory a été effectuée. (0x12B)
[1019/090822.954:WARNING:pe_image_reader.cc(340)] could not read dos header from C:\WINDOWS\System32\CRYPT32.dll
[1019/090822.954:ERROR:process_memory_win.cc(73)] ReadMemory at 0x7ffa55890000 of 64 bytes failed: Seule une partie d’une requête ReadProcessMemory ou WriteProcessMemory a été effectuée. (0x12B)
[1019/090822.954:WARNING:pe_image_reader.cc(340)] could not read dos header from C:\WINDOWS\SYSTEM32\dbghelp.dll
[1019/090822.954:ERROR:process_memory_win.cc(73)] ReadMemory at 0x7ffa5c280000 of 64 bytes failed: Seule une partie d’une requête ReadProcessMemory ou WriteProcessMemory a été effectuée. (0x12B)
[1019/090822.954:WARNING:pe_image_reader.cc(340)] could not read dos header from C:\WINDOWS\SYSTEM32\IPHLPAPI.DLL
[1019/090822.954:ERROR:process_memory_win.cc(73)] ReadMemory at 0x7ffa515b0000 of 64 bytes failed: Seule une partie d’une requête ReadProcessMemory ou WriteProcessMemory a été effectuée. (0x12B)
[1019/090822.954:WARNING:pe_image_reader.cc(340)] could not read dos header from C:\WINDOWS\SYSTEM32\WINMM.dll
[1019/090822.954:ERROR:process_memory_win.cc(73)] ReadMemory at 0x7ffa2c550000 of 64 bytes failed: Seule une partie d’une requête ReadProcessMemory ou WriteProcessMemory a été effectuée. (0x12B)
[1019/090822.954:WARNING:pe_image_reader.cc(340)] could not read dos header from C:\WINDOWS\SYSTEM32\UIAutomationCore.DLL
[1019/090822.954:ERROR:process_memory_win.cc(73)] ReadMemory at 0x7ffa50380000 of 64 bytes failed: Seule une partie d’une requête ReadProcessMemory ou WriteProcessMemory a été effectuée. (0x12B)
[1019/090822.954:WARNING:pe_image_reader.cc(340)] could not read dos header from C:\WINDOWS\SYSTEM32\Secur32.dll
[1019/090822.954:ERROR:process_memory_win.cc(73)] ReadMemory at 0x7ffa5cc00000 of 64 bytes failed: Seule une partie d’une requête ReadProcessMemory ou WriteProcessMemory a été effectuée. (0x12B)
[1019/090822.954:WARNING:pe_image_reader.cc(340)] could not read dos header from C:\WINDOWS\SYSTEM32\USERENV.dll
[1019/090822.954:ERROR:process_memory_win.cc(73)] ReadMemory at 0x7ffa5cd50000 of 64 bytes failed: Seule une partie d’une requête ReadProcessMemory ou WriteProcessMemory a été effectuée. (0x12B)
[1019/090822.954:WARNING:pe_image_reader.cc(340)] could not read dos header from C:\WINDOWS\System32\profapi.dll
[1019/090822.954:ERROR:process_memory_win.cc(73)] ReadMemory at 0x7ffa3eea0000 of 64 bytes failed: Seule une partie d’une requête ReadProcessMemory ou WriteProcessMemory a été effectuée. (0x12B)
[1019/090822.954:WARNING:pe_image_reader.cc(340)] could not read dos header from C:\WINDOWS\SYSTEM32\DWrite.dll
[1019/090822.954:ERROR:process_memory_win.cc(73)] ReadMemory at 0x7ffa4e630000 of 64 bytes failed: Seule une partie d’une requête ReadProcessMemory ou WriteProcessMemory a été effectuée. (0x12B)
[1019/090822.954:WARNING:pe_image_reader.cc(340)] could not read dos header from C:\WINDOWS\SYSTEM32\WINSPOOL.DRV
[1019/090822.954:ERROR:process_memory_win.cc(73)] ReadMemory at 0x7ffa5cd30000 of 64 bytes failed: Seule une partie d’une requête ReadProcessMemory ou WriteProcessMemory a été effectuée. (0x12B)
[1019/090822.954:WARNING:pe_image_reader.cc(340)] could not read dos header from C:\WINDOWS\System32\kernel.appcore.dll
[1019/090822.954:ERROR:process_memory_win.cc(73)] ReadMemory at 0x7ffa5dd30000 of 64 bytes failed: Seule une partie d’une requête ReadProcessMemory ou WriteProcessMemory a été effectuée. (0x12B)
[1019/090822.954:WARNING:pe_image_reader.cc(340)] could not read dos header from C:\WINDOWS\System32\bcrypt.dll
[1019/090822.954:ERROR:process_memory_win.cc(73)] ReadMemory at 0x7ffa58420000 of 64 bytes failed: Seule une partie d’une requête ReadProcessMemory ou WriteProcessMemory a été effectuée. (0x12B)
[1019/090822.955:WARNING:pe_image_reader.cc(340)] could not read dos header from C:\WINDOWS\SYSTEM32\WINHTTP.dll
[1019/090822.955:ERROR:process_memory_win.cc(73)] ReadMemory at 0x7ffa55660000 of 64 bytes failed: Seule une partie d’une requête ReadProcessMemory ou WriteProcessMemory a été effectuée. (0x12B)
[1019/090822.955:WARNING:pe_image_reader.cc(340)] could not read dos header from C:\WINDOWS\SYSTEM32\dhcpcsvc.DLL
[1019/090822.955:ERROR:process_memory_win.cc(73)] ReadMemory at 0x7ffa5fa10000 of 64 bytes failed: Seule une partie d’une requête ReadProcessMemory ou WriteProcessMemory a été effectuée. (0x12B)
[1019/090822.955:WARNING:pe_image_reader.cc(340)] could not read dos header from C:\WINDOWS\System32\NSI.dll
[1019/090822.955:ERROR:process_memory_win.cc(73)] ReadMemory at 0x7ffa51350000 of 64 bytes failed: Seule une partie d’une requête ReadProcessMemory ou WriteProcessMemory a été effectuée. (0x12B)
[1019/090822.955:WARNING:pe_image_reader.cc(340)] could not read dos header from C:\WINDOWS\SYSTEM32\WINMMBASE.dll
[1019/090822.955:ERROR:process_memory_win.cc(73)] ReadMemory at 0x7ffa5dd60000 of 64 bytes failed: Seule une partie d’une requête ReadProcessMemory ou WriteProcessMemory a été effectuée. (0x12B)
[1019/090822.955:WARNING:pe_image_reader.cc(340)] could not read dos header from C:\WINDOWS\System32\cfgmgr32.dll
[1019/090822.955:ERROR:process_memory_win.cc(73)] ReadMemory at 0x7ffa594d0000 of 64 bytes failed: Seule une partie d’une requête ReadProcessMemory ou WriteProcessMemory a été effectuée. (0x12B)
[1019/090822.955:WARNING:pe_image_reader.cc(340)] could not read dos header from C:\WINDOWS\SYSTEM32\PROPSYS.dll
[1019/090822.955:ERROR:process_memory_win.cc(73)] ReadMemory at 0x7ffa5f470000 of 64 bytes failed: Seule une partie d’une requête ReadProcessMemory ou WriteProcessMemory a été effectuée. (0x12B)
[1019/090822.955:WARNING:pe_image_reader.cc(340)] could not read dos header from C:\WINDOWS\System32\shcore.dll
[1019/090822.955:ERROR:process_memory_win.cc(73)] ReadMemory at 0x7ffa5cc30000 of 64 bytes failed: Seule une partie d’une requête ReadProcessMemory ou WriteProcessMemory a été effectuée. (0x12B)
[1019/090822.955:WARNING:pe_image_reader.cc(340)] could not read dos header from C:\WINDOWS\SYSTEM32\SSPICLI.DLL
[1019/090822.955:ERROR:process_memory_win.cc(73)] ReadMemory at 0x7ffa5fb50000 of 64 bytes failed: Seule une partie d’une requête ReadProcessMemory ou WriteProcessMemory a été effectuée. (0x12B)
[1019/090822.955:WARNING:pe_image_reader.cc(340)] could not read dos header from C:\WINDOWS\System32\ole32.dll
[1019/090822.955:ERROR:process_memory_win.cc(73)] ReadMemory at 0x7ffa5f6a0000 of 64 bytes failed: Seule une partie d’une requête ReadProcessMemory ou WriteProcessMemory a été effectuée. (0x12B)
[1019/090822.955:WARNING:pe_image_reader.cc(340)] could not read dos header from C:\WINDOWS\System32\GDI32.dll
[1019/090822.955:ERROR:process_memory_win.cc(73)] ReadMemory at 0x7ffa5de60000 of 64 bytes failed: Seule une partie d’une requête ReadProcessMemory ou WriteProcessMemory a été effectuée. (0x12B)
[1019/090822.955:WARNING:pe_image_reader.cc(340)] could not read dos header from C:\WINDOWS\System32\win32u.dll
[1019/090822.955:ERROR:process_memory_win.cc(73)] ReadMemory at 0x7ffa5d570000 of 64 bytes failed: Seule une partie d’une requête ReadProcessMemory ou WriteProcessMemory a été effectuée. (0x12B)
[1019/090822.955:WARNING:pe_image_reader.cc(340)] could not read dos header from C:\WINDOWS\System32\gdi32full.dll
[1019/090822.955:ERROR:process_memory_win.cc(73)] ReadMemory at 0x7ffa5e170000 of 64 bytes failed: Seule une partie d’une requête ReadProcessMemory ou WriteProcessMemory a été effectuée. (0x12B)
[1019/090822.956:WARNING:pe_image_reader.cc(340)] could not read dos header from C:\WINDOWS\System32\USER32.dll
[1019/090822.956:ERROR:process_memory_win.cc(73)] ReadMemory at 0x7ffa5f780000 of 64 bytes failed: Seule une partie d’une requête ReadProcessMemory ou WriteProcessMemory a été effectuée. (0x12B)
[1019/090822.956:WARNING:pe_image_reader.cc(340)] could not read dos header from C:\WINDOWS\System32\IMM32.DLL
[1019/090822.956:ERROR:process_memory_win.cc(73)] ReadMemory at 0x7ffa5c740000 of 64 bytes failed: Seule une partie d’une requête ReadProcessMemory ou WriteProcessMemory a été effectuée. (0x12B)
[1019/090822.956:WARNING:pe_image_reader.cc(340)] could not read dos header from C:\WINDOWS\SYSTEM32\CRYPTBASE.DLL
[1019/090822.956:ERROR:process_memory_win.cc(73)] ReadMemory at 0x7ff6b7920000 of 64 bytes failed: Seule une partie d’une requête ReadProcessMemory ou WriteProcessMemory a été effectuée. (0x12B)
[1019/090822.956:WARNING:pe_image_reader.cc(340)] could not read dos header from C:\Program Files (x86)\Google\Chrome\Application\chrome.exe
[1019/090822.956:ERROR:process_memory_win.cc(73)] ReadMemory at 0x7ffa5fe60000 of 64 bytes failed: Seule une partie d’une requête ReadProcessMemory ou WriteProcessMemory a été effectuée. (0x12B)
[1019/090822.956:WARNING:pe_image_reader.cc(340)] could not read dos header from C:\WINDOWS\SYSTEM32\ntdll.dll
[1019/090822.956:ERROR:process_memory_win.cc(73)] ReadMemory at 0x7ffa5e310000 of 64 bytes failed: Seule une partie d’une requête ReadProcessMemory ou WriteProcessMemory a été effectuée. (0x12B)
[1019/090822.956:WARNING:pe_image_reader.cc(340)] could not read dos header from C:\WINDOWS\System32\KERNEL32.dll
[1019/090822.956:ERROR:process_memory_win.cc(73)] ReadMemory at 0x7ffa5d870000 of 64 bytes failed: Seule une partie d’une requête ReadProcessMemory ou WriteProcessMemory a été effectuée. (0x12B)
[1019/090822.956:WARNING:pe_image_reader.cc(340)] could not read dos header from C:\WINDOWS\System32\KERNELBASE.dll
[1019/090822.956:ERROR:process_memory_win.cc(73)] ReadMemory at 0x7ffa22480000 of 64 bytes failed: Seule une partie d’une requête ReadProcessMemory ou WriteProcessMemory a été effectuée. (0x12B)
[1019/090822.956:WARNING:pe_image_reader.cc(340)] could not read dos header from C:\Program Files (x86)\Google\Chrome\Application\86.0.4240.75\chrome_elf.dll
[1019/090822.956:ERROR:process_memory_win.cc(73)] ReadMemory at 0x7ffa57570000 of 64 bytes failed: Seule une partie d’une requête ReadProcessMemory ou WriteProcessMemory a été effectuée. (0x12B)
[1019/090822.956:WARNING:pe_image_reader.cc(340)] could not read dos header from C:\WINDOWS\SYSTEM32\VERSION.dll
[1019/090822.956:ERROR:process_memory_win.cc(73)] ReadMemory at 0x7ffa5f580000 of 64 bytes failed: Seule une partie d’une requête ReadProcessMemory ou WriteProcessMemory a été effectuée. (0x12B)
[1019/090822.956:WARNING:pe_image_reader.cc(340)] could not read dos header from C:\WINDOWS\System32\msvcrt.dll
[1019/090822.956:ERROR:process_memory_win.cc(73)] ReadMemory at 0x7ffa5de90000 of 64 bytes failed: Seule une partie d’une requête ReadProcessMemory ou WriteProcessMemory a été effectuée. (0x12B)
[1019/090822.956:WARNING:pe_image_reader.cc(340)] could not read dos header from C:\WINDOWS\System32\bcryptPrimitives.dll
[1019/090822.956:ERROR:process_memory_win.cc(73)] ReadMemory at 0x7ffa5e0c0000 of 64 bytes failed: Seule une partie d’une requête ReadProcessMemory ou WriteProcessMemory a été effectuée. (0x12B)
[1019/090822.956:WARNING:pe_image_reader.cc(340)] could not read dos header from C:\WINDOWS\System32\ADVAPI32.dll
[1019/090822.956:ERROR:process_memory_win.cc(73)] ReadMemory at 0x7ffa5e840000 of 64 bytes failed: Seule une partie d’une requête ReadProcessMemory ou WriteProcessMemory a été effectuée. (0x12B)
[1019/090822.956:WARNING:pe_image_reader.cc(340)] could not read dos header from C:\WINDOWS\System32\sechost.dll
[1019/090822.956:ERROR:process_memory_win.cc(73)] ReadMemory at 0x7ffa5f7b0000 of 64 bytes failed: Seule une partie d’une requête ReadProcessMemory ou WriteProcessMemory a été effectuée. (0x12B)
[1019/090822.956:WARNING:pe_image_reader.cc(340)] could not read dos header from C:\WINDOWS\System32\RPCRT4.dll
[1019/090822.956:ERROR:process_memory_win.cc(73)] ReadMemory at 0x7ff9cadd0000 of 64 bytes failed: Seule une partie d’une requête ReadProcessMemory ou WriteProcessMemory a été effectuée. (0x12B)
[1019/090822.957:WARNING:pe_image_reader.cc(340)] could not read dos header from C:\Program Files (x86)\Google\Chrome\Application\86.0.4240.75\chrome.dll
[1019/090822.957:ERROR:process_memory_win.cc(73)] ReadMemory at 0x7ffa5fae0000 of 64 bytes failed: Seule une partie d’une requête ReadProcessMemory ou WriteProcessMemory a été effectuée. (0x12B)
[1019/090822.957:WARNING:pe_image_reader.cc(340)] could not read dos header from C:\WINDOWS\System32\WS2_32.dll
[1019/090822.957:ERROR:process_memory_win.cc(73)] ReadMemory at 0x7ffa5e8e0000 of 64 bytes failed: Seule une partie d’une requête ReadProcessMemory ou WriteProcessMemory a été effectuée. (0x12B)
[1019/090822.957:WARNING:pe_image_reader.cc(340)] could not read dos header from C:\WINDOWS\System32\OLEAUT32.dll
[1019/090822.957:ERROR:process_memory_win.cc(73)] ReadMemory at 0x7ffa5db20000 of 64 bytes failed: Seule une partie d’une requête ReadProcessMemory ou WriteProcessMemory a été effectuée. (0x12B)
[1019/090822.957:WARNING:pe_image_reader.cc(340)] could not read dos header from C:\WINDOWS\System32\msvcp_win.dll
[1019/090822.957:ERROR:process_memory_win.cc(73)] ReadMemory at 0x7ffa5d770000 of 64 bytes failed: Seule une partie d’une requête ReadProcessMemory ou WriteProcessMemory a été effectuée. (0x12B)
[1019/090822.957:WARNING:pe_image_reader.cc(340)] could not read dos header from C:\WINDOWS\System32\ucrtbase.dll
[1019/090822.957:ERROR:process_memory_win.cc(73)] ReadMemory at 0x7ffa5f130000 of 64 bytes failed: Seule une partie d’une requête ReadProcessMemory ou WriteProcessMemory a été effectuée. (0x12B)
[1019/090822.957:WARNING:pe_image_reader.cc(340)] could not read dos header from C:\WINDOWS\System32\combase.dll
[1019/090822.957:ERROR:process_memory_win.cc(73)] ReadMemory at 0x7ffa5d710000 of 64 bytes failed: Seule une partie d’une requête ReadProcessMemory ou WriteProcessMemory a été effectuée. (0x12B)
[1019/090822.957:WARNING:pe_image_reader.cc(340)] could not read dos header from C:\WINDOWS\System32\WINTRUST.dll
[1019/090822.957:ERROR:process_memory_win.cc(73)] ReadMemory at 0x7ffa5cd80000 of 64 bytes failed: Seule une partie d’une requête ReadProcessMemory ou WriteProcessMemory a été effectuée. (0x12B)
[1019/090822.957:WARNING:pe_image_reader.cc(340)] could not read dos header from C:\WINDOWS\System32\MSASN1.dll
[1019/090822.957:ERROR:process_memory_win.cc(73)] ReadMemory at 0x7ffa5dbe0000 of 64 bytes failed: Seule une partie d’une requête ReadProcessMemory ou WriteProcessMemory a été effectuée. (0x12B)
[1019/090822.957:WARNING:pe_image_reader.cc(340)] could not read dos header from C:\WINDOWS\System32\CRYPT32.dll
[1019/090822.957:ERROR:process_memory_win.cc(73)] ReadMemory at 0x7ffa55890000 of 64 bytes failed: Seule une partie d’une requête ReadProcessMemory ou WriteProcessMemory a été effectuée. (0x12B)
[1019/090822.957:WARNING:pe_image_reader.cc(340)] could not read dos header from C:\WINDOWS\SYSTEM32\dbghelp.dll
[1019/090822.957:ERROR:process_memory_win.cc(73)] ReadMemory at 0x7ffa5c280000 of 64 bytes failed: Seule une partie d’une requête ReadProcessMemory ou WriteProcessMemory a été effectuée. (0x12B)
[1019/090822.957:WARNING:pe_image_reader.cc(340)] could not read dos header from C:\WINDOWS\SYSTEM32\IPHLPAPI.DLL
[1019/090822.957:ERROR:process_memory_win.cc(73)] ReadMemory at 0x7ffa515b0000 of 64 bytes failed: Seule une partie d’une requête ReadProcessMemory ou WriteProcessMemory a été effectuée. (0x12B)
[1019/090822.957:WARNING:pe_image_reader.cc(340)] could not read dos header from C:\WINDOWS\SYSTEM32\WINMM.dll
[1019/090822.957:ERROR:process_memory_win.cc(73)] ReadMemory at 0x7ffa2c550000 of 64 bytes failed: Seule une partie d’une requête ReadProcessMemory ou WriteProcessMemory a été effectuée. (0x12B)
[1019/090822.957:WARNING:pe_image_reader.cc(340)] could not read dos header from C:\WINDOWS\SYSTEM32\UIAutomationCore.DLL
[1019/090822.957:ERROR:process_memory_win.cc(73)] ReadMemory at 0x7ffa50380000 of 64 bytes failed: Seule une partie d’une requête ReadProcessMemory ou WriteProcessMemory a été effectuée. (0x12B)
[1019/090822.957:WARNING:pe_image_reader.cc(340)] could not read dos header from C:\WINDOWS\SYSTEM32\Secur32.dll
[1019/090822.958:ERROR:process_memory_win.cc(73)] ReadMemory at 0x7ffa5cc00000 of 64 bytes failed: Seule une partie d’une requête ReadProcessMemory ou WriteProcessMemory a été effectuée. (0x12B)
[1019/090822.958:WARNING:pe_image_reader.cc(340)] could not read dos header from C:\WINDOWS\SYSTEM32\USERENV.dll
[1019/090822.958:ERROR:process_memory_win.cc(73)] ReadMemory at 0x7ffa5cd50000 of 64 bytes failed: Seule une partie d’une requête ReadProcessMemory ou WriteProcessMemory a été effectuée. (0x12B)
[1019/090822.958:WARNING:pe_image_reader.cc(340)] could not read dos header from C:\WINDOWS\System32\profapi.dll
[1019/090822.958:ERROR:process_memory_win.cc(73)] ReadMemory at 0x7ffa3eea0000 of 64 bytes failed: Seule une partie d’une requête ReadProcessMemory ou WriteProcessMemory a été effectuée. (0x12B)
[1019/090822.958:WARNING:pe_image_reader.cc(340)] could not read dos header from C:\WINDOWS\SYSTEM32\DWrite.dll
[1019/090822.958:ERROR:process_memory_win.cc(73)] ReadMemory at 0x7ffa4e630000 of 64 bytes failed: Seule une partie d’une requête ReadProcessMemory ou WriteProcessMemory a été effectuée. (0x12B)
[1019/090822.958:WARNING:pe_image_reader.cc(340)] could not read dos header from C:\WINDOWS\SYSTEM32\WINSPOOL.DRV
[1019/090822.958:ERROR:process_memory_win.cc(73)] ReadMemory at 0x7ffa5cd30000 of 64 bytes failed: Seule une partie d’une requête ReadProcessMemory ou WriteProcessMemory a été effectuée. (0x12B)
[1019/090822.958:WARNING:pe_image_reader.cc(340)] could not read dos header from C:\WINDOWS\System32\kernel.appcore.dll
[1019/090822.958:ERROR:process_memory_win.cc(73)] ReadMemory at 0x7ffa5dd30000 of 64 bytes failed: Seule une partie d’une requête ReadProcessMemory ou WriteProcessMemory a été effectuée. (0x12B)
[1019/090822.958:WARNING:pe_image_reader.cc(340)] could not read dos header from C:\WINDOWS\System32\bcrypt.dll
[1019/090822.958:ERROR:process_memory_win.cc(73)] ReadMemory at 0x7ffa58420000 of 64 bytes failed: Seule une partie d’une requête ReadProcessMemory ou WriteProcessMemory a été effectuée. (0x12B)
[1019/090822.958:WARNING:pe_image_reader.cc(340)] could not read dos header from C:\WINDOWS\SYSTEM32\WINHTTP.dll
[1019/090822.958:ERROR:process_memory_win.cc(73)] ReadMemory at 0x7ffa55660000 of 64 bytes failed: Seule une partie d’une requête ReadProcessMemory ou WriteProcessMemory a été effectuée. (0x12B)
[1019/090822.958:WARNING:pe_image_reader.cc(340)] could not read dos header from C:\WINDOWS\SYSTEM32\dhcpcsvc.DLL
[1019/090822.958:ERROR:process_memory_win.cc(73)] ReadMemory at 0x7ffa5fa10000 of 64 bytes failed: Seule une partie d’une requête ReadProcessMemory ou WriteProcessMemory a été effectuée. (0x12B)
[1019/090822.958:WARNING:pe_image_reader.cc(340)] could not read dos header from C:\WINDOWS\System32\NSI.dll
[1019/090822.958:ERROR:process_memory_win.cc(73)] ReadMemory at 0x7ffa51350000 of 64 bytes failed: Seule une partie d’une requête ReadProcessMemory ou WriteProcessMemory a été effectuée. (0x12B)
[1019/090822.958:WARNING:pe_image_reader.cc(340)] could not read dos header from C:\WINDOWS\SYSTEM32\WINMMBASE.dll
[1019/090822.958:ERROR:process_memory_win.cc(73)] ReadMemory at 0x7ffa5dd60000 of 64 bytes failed: Seule une partie d’une requête ReadProcessMemory ou WriteProcessMemory a été effectuée. (0x12B)
[1019/090822.958:WARNING:pe_image_reader.cc(340)] could not read dos header from C:\WINDOWS\System32\cfgmgr32.dll
[1019/090822.958:ERROR:process_memory_win.cc(73)] ReadMemory at 0x7ffa594d0000 of 64 bytes failed: Seule une partie d’une requête ReadProcessMemory ou WriteProcessMemory a été effectuée. (0x12B)
[1019/090822.958:WARNING:pe_image_reader.cc(340)] could not read dos header from C:\WINDOWS\SYSTEM32\PROPSYS.dll
[1019/090822.958:ERROR:process_memory_win.cc(73)] ReadMemory at 0x7ffa5f470000 of 64 bytes failed: Seule une partie d’une requête ReadProcessMemory ou WriteProcessMemory a été effectuée. (0x12B)
[1019/090822.958:WARNING:pe_image_reader.cc(340)] could not read dos header from C:\WINDOWS\System32\shcore.dll
[1019/090822.958:ERROR:process_memory_win.cc(73)] ReadMemory at 0x7ffa5cc30000 of 64 bytes failed: Seule une partie d’une requête ReadProcessMemory ou WriteProcessMemory a été effectuée. (0x12B)
[1019/090822.958:WARNING:pe_image_reader.cc(340)] could not read dos header from C:\WINDOWS\SYSTEM32\SSPICLI.DLL
[1019/090822.959:ERROR:process_memory_win.cc(73)] ReadMemory at 0x7ffa5fb50000 of 64 bytes failed: Seule une partie d’une requête ReadProcessMemory ou WriteProcessMemory a été effectuée. (0x12B)
[1019/090822.959:WARNING:pe_image_reader.cc(340)] could not read dos header from C:\WINDOWS\System32\ole32.dll
[1019/090822.959:ERROR:process_memory_win.cc(73)] ReadMemory at 0x7ffa5f6a0000 of 64 bytes failed: Seule une partie d’une requête ReadProcessMemory ou WriteProcessMemory a été effectuée. (0x12B)
[1019/090822.959:WARNING:pe_image_reader.cc(340)] could not read dos header from C:\WINDOWS\System32\GDI32.dll
[1019/090822.959:ERROR:process_memory_win.cc(73)] ReadMemory at 0x7ffa5de60000 of 64 bytes failed: Seule une partie d’une requête ReadProcessMemory ou WriteProcessMemory a été effectuée. (0x12B)
[1019/090822.959:WARNING:pe_image_reader.cc(340)] could not read dos header from C:\WINDOWS\System32\win32u.dll
[1019/090822.959:ERROR:process_memory_win.cc(73)] ReadMemory at 0x7ffa5d570000 of 64 bytes failed: Seule une partie d’une requête ReadProcessMemory ou WriteProcessMemory a été effectuée. (0x12B)
[1019/090822.959:WARNING:pe_image_reader.cc(340)] could not read dos header from C:\WINDOWS\System32\gdi32full.dll
[1019/090822.959:ERROR:process_memory_win.cc(73)] ReadMemory at 0x7ffa5e170000 of 64 bytes failed: Seule une partie d’une requête ReadProcessMemory ou WriteProcessMemory a été effectuée. (0x12B)
[1019/090822.959:WARNING:pe_image_reader.cc(340)] could not read dos header from C:\WINDOWS\System32\USER32.dll
[1019/090822.959:ERROR:process_memory_win.cc(73)] ReadMemory at 0x7ffa5f780000 of 64 bytes failed: Seule une partie d’une requête ReadProcessMemory ou WriteProcessMemory a été effectuée. (0x12B)
[1019/090822.959:WARNING:pe_image_reader.cc(340)] could not read dos header from C:\WINDOWS\System32\IMM32.DLL
[1019/090822.959:ERROR:process_memory_win.cc(73)] ReadMemory at 0x7ffa5c740000 of 64 bytes failed: Seule une partie d’une requête ReadProcessMemory ou WriteProcessMemory a été effectuée. (0x12B)
[1019/090822.959:WARNING:pe_image_reader.cc(340)] could not read dos header from C:\WINDOWS\SYSTEM32\CRYPTBASE.DLL
[1019/090822.974:ERROR:process_memory_win.cc(73)] ReadMemory at 0xbaebff4000 of 49152 bytes failed: Seule une partie d’une requête ReadProcessMemory ou WriteProcessMemory a été effectuée. (0x12B)
[1019/090822.974:ERROR:process_memory_win.cc(73)] ReadMemory at 0xbaec7fe000 of 8192 bytes failed: Seule une partie d’une requête ReadProcessMemory ou WriteProcessMemory a été effectuée. (0x12B)
[1019/090822.974:ERROR:process_memory_win.cc(73)] ReadMemory at 0xbaecffd000 of 12288 bytes failed: Seule une partie d’une requête ReadProcessMemory ou WriteProcessMemory a été effectuée. (0x12B)
[1019/090822.974:ERROR:process_memory_win.cc(73)] ReadMemory at 0xbaed7fe000 of 8192 bytes failed: Seule une partie d’une requête ReadProcessMemory ou WriteProcessMemory a été effectuée. (0x12B)
[1019/090822.974:ERROR:process_memory_win.cc(73)] ReadMemory at 0xbaedffd000 of 12288 bytes failed: Seule une partie d’une requête ReadProcessMemory ou WriteProcessMemory a été effectuée. (0x12B)
[1019/090822.974:ERROR:process_memory_win.cc(73)] ReadMemory at 0xbaee7fe000 of 8192 bytes failed: Seule une partie d’une requête ReadProcessMemory ou WriteProcessMemory a été effectuée. (0x12B)
[1019/090822.974:ERROR:process_memory_win.cc(73)] ReadMemory at 0xbaeeffe000 of 8192 bytes failed: Seule une partie d’une requête ReadProcessMemory ou WriteProcessMemory a été effectuée. (0x12B)
[1019/090822.975:ERROR:process_memory_win.cc(73)] ReadMemory at 0xbaef7fe000 of 8192 bytes failed: Seule une partie d’une requête ReadProcessMemory ou WriteProcessMemory a été effectuée. (0x12B)
[1019/090822.975:ERROR:process_memory_win.cc(73)] ReadMemory at 0xbaefffe000 of 8192 bytes failed: Seule une partie d’une requête ReadProcessMemory ou WriteProcessMemory a été effectuée. (0x12B)
[1019/090822.975:ERROR:process_memory_win.cc(73)] ReadMemory at 0xbaf07fe000 of 8192 bytes failed: Seule une partie d’une requête ReadProcessMemory ou WriteProcessMemory a été effectuée. (0x12B)
[1019/090822.975:ERROR:process_memory_win.cc(73)] ReadMemory at 0xbaf0ffe000 of 8192 bytes failed: Seule une partie d’une requête ReadProcessMemory ou WriteProcessMemory a été effectuée. (0x12B)
[1019/090822.975:ERROR:process_memory_win.cc(73)] ReadMemory at 0xbaf17fe000 of 8192 bytes failed: Seule une partie d’une requête ReadProcessMemory ou WriteProcessMemory a été effectuée. (0x12B)
[1019/090822.975:ERROR:process_memory_win.cc(73)] ReadMemory at 0xbaf1ffe000 of 8192 bytes failed: Seule une partie d’une requête ReadProcessMemory ou WriteProcessMemory a été effectuée. (0x12B)
[1019/090822.975:ERROR:process_memory_win.cc(73)] ReadMemory at 0xbaf27fe000 of 8192 bytes failed: Seule une partie d’une requête ReadProcessMemory ou WriteProcessMemory a été effectuée. (0x12B)
[1019/090822.975:ERROR:process_memory_win.cc(73)] ReadMemory at 0xbaf2ffe000 of 8192 bytes failed: Seule une partie d’une requête ReadProcessMemory ou WriteProcessMemory a été effectuée. (0x12B)
[1019/090822.975:ERROR:process_memory_win.cc(73)] ReadMemory at 0xbaf37fe000 of 8192 bytes failed: Seule une partie d’une requête ReadProcessMemory ou WriteProcessMemory a été effectuée. (0x12B)
[1019/090822.975:ERROR:process_memory_win.cc(73)] ReadMemory at 0xbaeb623000 of 852 bytes failed: Seule une partie d’une requête ReadProcessMemory ou WriteProcessMemory a été effectuée. (0x12B)
[1019/090822.976:ERROR:process_memory_win.cc(73)] ReadMemory at 0xbaeb624000 of 6024 bytes failed: Seule une partie d’une requête ReadProcessMemory ou WriteProcessMemory a été effectuée. (0x12B)
[1019/090822.976:ERROR:process_memory_win.cc(73)] ReadMemory at 0xbaeb626000 of 6024 bytes failed: Seule une partie d’une requête ReadProcessMemory ou WriteProcessMemory a été effectuée. (0x12B)
[1019/090822.976:ERROR:process_memory_win.cc(73)] ReadMemory at 0xbaeb628000 of 6024 bytes failed: Seule une partie d’une requête ReadProcessMemory ou WriteProcessMemory a été effectuée. (0x12B)
[1019/090822.976:ERROR:process_memory_win.cc(73)] ReadMemory at 0xbaeb62a000 of 6024 bytes failed: Seule une partie d’une requête ReadProcessMemory ou WriteProcessMemory a été effectuée. (0x12B)
[1019/090822.976:ERROR:process_memory_win.cc(73)] ReadMemory at 0xbaeb62c000 of 6024 bytes failed: Seule une partie d’une requête ReadProcessMemory ou WriteProcessMemory a été effectuée. (0x12B)
[1019/090822.976:ERROR:process_memory_win.cc(73)] ReadMemory at 0xbaeb62e000 of 6024 bytes failed: Seule une partie d’une requête ReadProcessMemory ou WriteProcessMemory a été effectuée. (0x12B)
[1019/090822.976:ERROR:process_memory_win.cc(73)] ReadMemory at 0xbaeb630000 of 6024 bytes failed: Seule une partie d’une requête ReadProcessMemory ou WriteProcessMemory a été effectuée. (0x12B)
[1019/090822.976:ERROR:process_memory_win.cc(73)] ReadMemory at 0xbaeb632000 of 6024 bytes failed: Seule une partie d’une requête ReadProcessMemory ou WriteProcessMemory a été effectuée. (0x12B)
[1019/090822.977:ERROR:process_memory_win.cc(73)] ReadMemory at 0xbaeb634000 of 6024 bytes failed: Seule une partie d’une requête ReadProcessMemory ou WriteProcessMemory a été effectuée. (0x12B)
[1019/090822.977:ERROR:process_memory_win.cc(73)] ReadMemory at 0xbaeb636000 of 6024 bytes failed: Seule une partie d’une requête ReadProcessMemory ou WriteProcessMemory a été effectuée. (0x12B)
[1019/090822.977:ERROR:process_memory_win.cc(73)] ReadMemory at 0xbaeb638000 of 6024 bytes failed: Seule une partie d’une requête ReadProcessMemory ou WriteProcessMemory a été effectuée. (0x12B)
[1019/090822.977:ERROR:process_memory_win.cc(73)] ReadMemory at 0xbaeb63a000 of 6024 bytes failed: Seule une partie d’une requête ReadProcessMemory ou WriteProcessMemory a été effectuée. (0x12B)
[1019/090822.977:ERROR:process_memory_win.cc(73)] ReadMemory at 0xbaeb63c000 of 6024 bytes failed: Seule une partie d’une requête ReadProcessMemory ou WriteProcessMemory a été effectuée. (0x12B)
[1019/090822.977:ERROR:process_memory_win.cc(73)] ReadMemory at 0xbaeb63e000 of 6024 bytes failed: Seule une partie d’une requête ReadProcessMemory ou WriteProcessMemory a été effectuée. (0x12B)
[1019/090822.977:ERROR:process_memory_win.cc(73)] ReadMemory at 0xbaeb640000 of 6024 bytes failed: Seule une partie d’une requête ReadProcessMemory ou WriteProcessMemory a été effectuée. (0x12B)
[1019/090822.977:ERROR:process_memory_win.cc(73)] ReadMemory at 0xbaeb642000 of 6024 bytes failed: Seule une partie d’une requête ReadProcessMemory ou WriteProcessMemory a été effectuée. (0x12B)
[1019/090822.977:ERROR:process_memory_win.cc(73)] ReadMemory at 0x1f73b710e80 of 704 bytes failed: Seule une partie d’une requête ReadProcessMemory ou WriteProcessMemory a été effectuée. (0x12B)
[1019/090822.977:ERROR:process_memory_win.cc(73)] ReadMemory at 0x1f73b712740 of 512 bytes failed: Seule une partie d’une requête ReadProcessMemory ou WriteProcessMemory a été effectuée. (0x12B)
[1019/090822.978:ERROR:process_memory_win.cc(73)] ReadMemory at 0x1f73b7f0fe0 of 19124 bytes failed: Seule une partie d’une requête ReadProcessMemory ou WriteProcessMemory a été effectuée. (0x12B)
[1019/090822.978:ERROR:process_memory_win.cc(73)] ReadMemory at 0x1f73b7f5aa0 of 1012 bytes failed: Seule une partie d’une requête ReadProcessMemory ou WriteProcessMemory a été effectuée. (0x12B)
[1019/090822.978:ERROR:process_memory_win.cc(73)] ReadMemory at 0x1f73b7f60e8 of 118 bytes failed: Seule une partie d’une requête ReadProcessMemory ou WriteProcessMemory a été effectuée. (0x12B)
[1019/090822.978:ERROR:process_memory_win.cc(73)] ReadMemory at 0x1f73b7f6160 of 822 bytes failed: Seule une partie d’une requête ReadProcessMemory ou WriteProcessMemory a été effectuée. (0x12B)
[1019/090822.978:ERROR:process_memory_win.cc(73)] ReadMemory at 0x1f73b7f6498 of 118 bytes failed: Seule une partie d’une requête ReadProcessMemory ou WriteProcessMemory a été effectuée. (0x12B)
[1019/090822.978:ERROR:process_memory_win.cc(73)] ReadMemory at 0x1f73b7f6510 of 96 bytes failed: Seule une partie d’une requête ReadProcessMemory ou WriteProcessMemory a été effectuée. (0x12B)
[1019/090822.978:ERROR:process_memory_win.cc(73)] ReadMemory at 0x1f73b7f6580 of 58 bytes failed: Seule une partie d’une requête ReadProcessMemory ou WriteProcessMemory a été effectuée. (0x12B)
[1019/090822.978:ERROR:process_memory_win.cc(73)] ReadMemory at 0x1f73b7f6680 of 132 bytes failed: Seule une partie d’une requête ReadProcessMemory ou WriteProcessMemory a été effectuée. (0x12B)
[1019/090822.978:ERROR:process_memory_win.cc(73)] ReadMemory at 0x1f73b7f6810 of 132 bytes failed: Seule une partie d’une requête ReadProcessMemory ou WriteProcessMemory a été effectuée. (0x12B)
[1019/090822.978:ERROR:process_memory_win.cc(73)] ReadMemory at 0x1f73b7f69d0 of 124 bytes failed: Seule une partie d’une requête ReadProcessMemory ou WriteProcessMemory a été effectuée. (0x12B)
[1019/090822.978:ERROR:process_memory_win.cc(73)] ReadMemory at 0x1f73b7f6de0 of 132 bytes failed: Seule une partie d’une requête ReadProcessMemory ou WriteProcessMemory a été effectuée. (0x12B)
[1019/090822.978:ERROR:process_memory_win.cc(73)] ReadMemory at 0x1f73b7f7360 of 132 bytes failed: Seule une partie d’une requête ReadProcessMemory ou WriteProcessMemory a été effectuée. (0x12B)
[1019/090822.979:ERROR:process_memory_win.cc(73)] ReadMemory at 0x1f73b7f74f0 of 64 bytes failed: Seule une partie d’une requête ReadProcessMemory ou WriteProcessMemory a été effectuée. (0x12B)
[1019/090822.979:ERROR:process_memory_win.cc(73)] ReadMemory at 0x1f73b7f7950 of 132 bytes failed: Seule une partie d’une requête ReadProcessMemory ou WriteProcessMemory a été effectuée. (0x12B)
[1019/090822.979:ERROR:process_memory_win.cc(73)] ReadMemory at 0x1f73b7f7ae0 of 68 bytes failed: Seule une partie d’une requête ReadProcessMemory ou WriteProcessMemory a été effectuée. (0x12B)
[1019/090822.979:ERROR:process_memory_win.cc(73)] ReadMemory at 0x1f73b7fe860 of 62 bytes failed: Seule une partie d’une requête ReadProcessMemory ou WriteProcessMemory a été effectuée. (0x12B)
[1019/090822.979:ERROR:process_memory_win.cc(73)] ReadMemory at 0x1f73b7fe8b0 of 60 bytes failed: Seule une partie d’une requête ReadProcessMemory ou WriteProcessMemory a été effectuée. (0x12B)
[1019/090822.979:ERROR:process_memory_win.cc(73)] ReadMemory at 0x1f73b800a50 of 132 bytes failed: Seule une partie d’une requête ReadProcessMemory ou WriteProcessMemory a été effectuée. (0x12B)
[1019/090822.979:ERROR:process_memory_win.cc(73)] ReadMemory at 0x1f73b8055f0 of 132 bytes failed: Seule une partie d’une requête ReadProcessMemory ou WriteProcessMemory a été effectuée. (0x12B)
[1019/090822.979:ERROR:process_memory_win.cc(73)] ReadMemory at 0x1f73b805720 of 152 bytes failed: Seule une partie d’une requête ReadProcessMemory ou WriteProcessMemory a été effectuée. (0x12B)
[1019/090822.979:ERROR:process_memory_win.cc(73)] ReadMemory at 0x1f73b8116c0 of 54 bytes failed: Seule une partie d’une requête ReadProcessMemory ou WriteProcessMemory a été effectuée. (0x12B)
[1019/090822.979:ERROR:process_memory_win.cc(73)] ReadMemory at 0x1f73b812e00 of 80 bytes failed: Seule une partie d’une requête ReadProcessMemory ou WriteProcessMemory a été effectuée. (0x12B)
[1019/090822.979:ERROR:process_memory_win.cc(73)] ReadMemory at 0x1f73b814a30 of 132 bytes failed: Seule une partie d’une requête ReadProcessMemory ou WriteProcessMemory a été effectuée. (0x12B)
[1019/090822.979:ERROR:process_memory_win.cc(73)] ReadMemory at 0x1f73b814c40 of 132 bytes failed: Seule une partie d’une requête ReadProcessMemory ou WriteProcessMemory a été effectuée. (0x12B)
[1019/090822.980:ERROR:process_memory_win.cc(73)] ReadMemory at 0x1f73b814d70 of 132 bytes failed: Seule une partie d’une requête ReadProcessMemory ou WriteProcessMemory a été effectuée. (0x12B)
[1019/090822.980:ERROR:process_memory_win.cc(73)] ReadMemory at 0x1f73b816200 of 80 bytes failed: Seule une partie d’une requête ReadProcessMemory ou WriteProcessMemory a été effectuée. (0x12B)
[1019/090822.980:ERROR:process_memory_win.cc(73)] ReadMemory at 0x1f73b816bc0 of 76 bytes failed: Seule une partie d’une requête ReadProcessMemory ou WriteProcessMemory a été effectuée. (0x12B)
[1019/090822.980:ERROR:process_memory_win.cc(73)] ReadMemory at 0x1f73b81c4a0 of 132 bytes failed: Seule une partie d’une requête ReadProcessMemory ou WriteProcessMemory a été effectuée. (0x12B)
[1019/090822.980:ERROR:process_memory_win.cc(73)] ReadMemory at 0x1f73b81c5d0 of 144 bytes failed: Seule une partie d’une requête ReadProcessMemory ou WriteProcessMemory a été effectuée. (0x12B)
[1019/090822.980:ERROR:process_memory_win.cc(73)] ReadMemory at 0x1f73b81c8b0 of 132 bytes failed: Seule une partie d’une requête ReadProcessMemory ou WriteProcessMemory a été effectuée. (0x12B)
[1019/090822.980:ERROR:process_memory_win.cc(73)] ReadMemory at 0x1f73b81cac0 of 132 bytes failed: Seule une partie d’une requête ReadProcessMemory ou WriteProcessMemory a été effectuée. (0x12B)
[1019/090822.980:ERROR:process_memory_win.cc(73)] ReadMemory at 0x1f73b81df20 of 60 bytes failed: Seule une partie d’une requête ReadProcessMemory ou WriteProcessMemory a été effectuée. (0x12B)
[1019/090822.980:ERROR:process_memory_win.cc(73)] ReadMemory at 0x1f73b81dfc0 of 64 bytes failed: Seule une partie d’une requête ReadProcessMemory ou WriteProcessMemory a été effectuée. (0x12B)
[1019/090822.980:ERROR:process_memory_win.cc(73)] ReadMemory at 0x1f73b81e010 of 64 bytes failed: Seule une partie d’une requête ReadProcessMemory ou WriteProcessMemory a été effectuée. (0x12B)
[1019/090822.980:ERROR:process_memory_win.cc(73)] ReadMemory at 0x1f73b81e0b0 of 64 bytes failed: Seule une partie d’une requête ReadProcessMemory ou WriteProcessMemory a été effectuée. (0x12B)
[1019/090822.980:ERROR:process_memory_win.cc(73)] ReadMemory at 0x1f73b81e150 of 62 bytes failed: Seule une partie d’une requête ReadProcessMemory ou WriteProcessMemory a été effectuée. (0x12B)
[1019/090822.980:ERROR:process_memory_win.cc(73)] ReadMemory at 0x1f73b81e1a0 of 60 bytes failed: Seule une partie d’une requête ReadProcessMemory ou WriteProcessMemory a été effectuée. (0x12B)
[1019/090822.981:ERROR:process_memory_win.cc(73)] ReadMemory at 0x1f73b81e290 of 64 bytes failed: Seule une partie d’une requête ReadProcessMemory ou WriteProcessMemory a été effectuée. (0x12B)
[1019/090822.981:ERROR:process_memory_win.cc(73)] ReadMemory at 0x1f73b81e380 of 64 bytes failed: Seule une partie d’une requête ReadProcessMemory ou WriteProcessMemory a été effectuée. (0x12B)
[1019/090822.981:ERROR:process_memory_win.cc(73)] ReadMemory at 0x1f73b81e470 of 62 bytes failed: Seule une partie d’une requête ReadProcessMemory ou WriteProcessMemory a été effectuée. (0x12B)
[1019/090822.981:ERROR:process_memory_win.cc(73)] ReadMemory at 0x1f73b81e4c0 of 60 bytes failed: Seule une partie d’une requête ReadProcessMemory ou WriteProcessMemory a été effectuée. (0x12B)
[1019/090822.981:ERROR:process_memory_win.cc(73)] ReadMemory at 0x1f73b81e560 of 58 bytes failed: Seule une partie d’une requête ReadProcessMemory ou WriteProcessMemory a été effectuée. (0x12B)
[1019/090822.981:ERROR:process_memory_win.cc(73)] ReadMemory at 0x1f73b81e5b0 of 66 bytes failed: Seule une partie d’une requête ReadProcessMemory ou WriteProcessMemory a été effectuée. (0x12B)
[1019/090822.981:ERROR:process_memory_win.cc(73)] ReadMemory at 0x1f73b81e600 of 62 bytes failed: Seule une partie d’une requête ReadProcessMemory ou WriteProcessMemory a été effectuée. (0x12B)
[1019/090822.981:ERROR:process_memory_win.cc(73)] ReadMemory at 0x1f73b81e650 of 60 bytes failed: Seule une partie d’une requête ReadProcessMemory ou WriteProcessMemory a été effectuée. (0x12B)
[1019/090822.981:ERROR:process_memory_win.cc(73)] ReadMemory at 0x1f73b81e6a0 of 64 bytes failed: Seule une partie d’une requête ReadProcessMemory ou WriteProcessMemory a été effectuée. (0x12B)
[1019/090822.981:ERROR:process_memory_win.cc(73)] ReadMemory at 0x1f73b81e740 of 62 bytes failed: Seule une partie d’une requête ReadProcessMemory ou WriteProcessMemory a été effectuée. (0x12B)
[1019/090822.981:ERROR:process_memory_win.cc(73)] ReadMemory at 0x1f73b81e880 of 62 bytes failed: Seule une partie d’une requête ReadProcessMemory ou WriteProcessMemory a été effectuée. (0x12B)
[1019/090822.981:ERROR:process_memory_win.cc(73)] ReadMemory at 0x1f73b81e8d0 of 62 bytes failed: Seule une partie d’une requête ReadProcessMemory ou WriteProcessMemory a été effectuée. (0x12B)
[1019/090822.981:ERROR:process_memory_win.cc(73)] ReadMemory at 0x1f73b81e9c0 of 60 bytes failed: Seule une partie d’une requête ReadProcessMemory ou WriteProcessMemory a été effectuée. (0x12B)
[1019/090822.981:ERROR:process_memory_win.cc(73)] ReadMemory at 0x1f73b81ea10 of 60 bytes failed: Seule une partie d’une requête ReadProcessMemory ou WriteProcessMemory a été effectuée. (0x12B)
[1019/090822.982:ERROR:process_memory_win.cc(73)] ReadMemory at 0x1f73b81eba0 of 64 bytes failed: Seule une partie d’une requête ReadProcessMemory ou WriteProcessMemory a été effectuée. (0x12B)
[1019/090822.982:ERROR:process_memory_win.cc(73)] ReadMemory at 0x1f73b81ebf0 of 62 bytes failed: Seule une partie d’une requête ReadProcessMemory ou WriteProcessMemory a été effectuée. (0x12B)
[1019/090822.982:ERROR:process_memory_win.cc(73)] ReadMemory at 0x1f73b81ec40 of 62 bytes failed: Seule une partie d’une requête ReadProcessMemory ou WriteProcessMemory a été effectuée. (0x12B)
[1019/090822.982:ERROR:process_memory_win.cc(73)] ReadMemory at 0x1f73b81ec90 of 66 bytes failed: Seule une partie d’une requête ReadProcessMemory ou WriteProcessMemory a été effectuée. (0x12B)
[1019/090822.982:ERROR:process_memory_win.cc(73)] ReadMemory at 0x1f73b81ed30 of 62 bytes failed: Seule une partie d’une requête ReadProcessMemory ou WriteProcessMemory a été effectuée. (0x12B)
[1019/090822.982:ERROR:process_memory_win.cc(73)] ReadMemory at 0x1f73b81edd0 of 64 bytes failed: Seule une partie d’une requête ReadProcessMemory ou WriteProcessMemory a été effectuée. (0x12B)
[1019/090822.982:ERROR:process_memory_win.cc(73)] ReadMemory at 0x1f73b81ee20 of 60 bytes failed: Seule une partie d’une requête ReadProcessMemory ou WriteProcessMemory a été effectuée. (0x12B)
[1019/090822.982:ERROR:process_memory_win.cc(73)] ReadMemory at 0x1f73b81ee70 of 62 bytes failed: Seule une partie d’une requête ReadProcessMemory ou WriteProcessMemory a été effectuée. (0x12B)
[1019/090822.982:ERROR:process_memory_win.cc(73)] ReadMemory at 0x1f73b81fff0 of 132 bytes failed: Seule une partie d’une requête ReadProcessMemory ou WriteProcessMemory a été effectuée. (0x12B)
[1019/090822.982:ERROR:process_memory_win.cc(73)] ReadMemory at 0x1f73b820210 of 132 bytes failed: Seule une partie d’une requête ReadProcessMemory ou WriteProcessMemory a été effectuée. (0x12B)
[1019/090822.982:ERROR:process_memory_win.cc(73)] ReadMemory at 0x1f73b8216b0 of 132 bytes failed: Seule une partie d’une requête ReadProcessMemory ou WriteProcessMemory a été effectuée. (0x12B)
[1019/090822.983:ERROR:process_memory_win.cc(73)] ReadMemory at 0x1f73b8217e0 of 132 bytes failed: Seule une partie d’une requête ReadProcessMemory ou WriteProcessMemory a été effectuée. (0x12B)
[1019/090822.983:ERROR:process_memory_win.cc(73)] ReadMemory at 0x1f73b821910 of 132 bytes failed: Seule une partie d’une requête ReadProcessMemory ou WriteProcessMemory a été effectuée. (0x12B)
[1019/090822.983:ERROR:process_memory_win.cc(73)] ReadMemory at 0x1f73b821a40 of 132 bytes failed: Seule une partie d’une requête ReadProcessMemory ou WriteProcessMemory a été effectuée. (0x12B)
[1019/090822.983:ERROR:process_memory_win.cc(73)] ReadMemory at 0x1f73b821b70 of 132 bytes failed: Seule une partie d’une requête ReadProcessMemory ou WriteProcessMemory a été effectuée. (0x12B)
[1019/090822.983:ERROR:process_memory_win.cc(73)] ReadMemory at 0x1f73b821ca0 of 132 bytes failed: Seule une partie d’une requête ReadProcessMemory ou WriteProcessMemory a été effectuée. (0x12B)
[1019/090822.983:ERROR:process_memory_win.cc(73)] ReadMemory at 0x1f73b825e50 of 132 bytes failed: Seule une partie d’une requête ReadProcessMemory ou WriteProcessMemory a été effectuée. (0x12B)
[1019/090822.983:ERROR:process_memory_win.cc(73)] ReadMemory at 0x1f73b825fd0 of 132 bytes failed: Seule une partie d’une requête ReadProcessMemory ou WriteProcessMemory a été effectuée. (0x12B)
[1019/090822.983:ERROR:process_memory_win.cc(73)] ReadMemory at 0x1f73b826100 of 132 bytes failed: Seule une partie d’une requête ReadProcessMemory ou WriteProcessMemory a été effectuée. (0x12B)
[1019/090822.983:ERROR:process_memory_win.cc(73)] ReadMemory at 0x1f73b826360 of 132 bytes failed: Seule une partie d’une requête ReadProcessMemory ou WriteProcessMemory a été effectuée. (0x12B)
[1019/090822.983:ERROR:process_memory_win.cc(73)] ReadMemory at 0x1f73b8265c0 of 132 bytes failed: Seule une partie d’une requête ReadProcessMemory ou WriteProcessMemory a été effectuée. (0x12B)
[1019/090822.983:ERROR:process_memory_win.cc(73)] ReadMemory at 0x1f73b8266f0 of 132 bytes failed: Seule une partie d’une requête ReadProcessMemory ou WriteProcessMemory a été effectuée. (0x12B)
[1019/090822.983:ERROR:process_memory_win.cc(73)] ReadMemory at 0x1f73b826820 of 132 bytes failed: Seule une partie d’une requête ReadProcessMemory ou WriteProcessMemory a été effectuée. (0x12B)
[1019/090822.983:ERROR:process_memory_win.cc(73)] ReadMemory at 0x1f73b826950 of 132 bytes failed: Seule une partie d’une requête ReadProcessMemory ou WriteProcessMemory a été effectuée. (0x12B)
[1019/090822.984:ERROR:process_memory_win.cc(73)] ReadMemory at 0x1f73b826a80 of 132 bytes failed: Seule une partie d’une requête ReadProcessMemory ou WriteProcessMemory a été effectuée. (0x12B)
[1019/090822.984:ERROR:process_memory_win.cc(73)] ReadMemory at 0x1f73b826bb0 of 132 bytes failed: Seule une partie d’une requête ReadProcessMemory ou WriteProcessMemory a été effectuée. (0x12B)
[1019/090822.984:ERROR:process_memory_win.cc(73)] ReadMemory at 0x1f73b826ce0 of 132 bytes failed: Seule une partie d’une requête ReadProcessMemory ou WriteProcessMemory a été effectuée. (0x12B)
[1019/090822.984:ERROR:process_memory_win.cc(73)] ReadMemory at 0x1f73b826e10 of 132 bytes failed: Seule une partie d’une requête ReadProcessMemory ou WriteProcessMemory a été effectuée. (0x12B)
[1019/090822.984:ERROR:process_memory_win.cc(73)] ReadMemory at 0x1f73b826f40 of 132 bytes failed: Seule une partie d’une requête ReadProcessMemory ou WriteProcessMemory a été effectuée. (0x12B)
[1019/090822.984:ERROR:process_memory_win.cc(73)] ReadMemory at 0x1f73b827070 of 132 bytes failed: Seule une partie d’une requête ReadProcessMemory ou WriteProcessMemory a été effectuée. (0x12B)
[1019/090822.984:ERROR:process_memory_win.cc(73)] ReadMemory at 0x1f73b8271a0 of 132 bytes failed: Seule une partie d’une requête ReadProcessMemory ou WriteProcessMemory a été effectuée. (0x12B)
[1019/090822.984:ERROR:process_memory_win.cc(73)] ReadMemory at 0x1f73b8272d0 of 132 bytes failed: Seule une partie d’une requête ReadProcessMemory ou WriteProcessMemory a été effectuée. (0x12B)
[1019/090822.984:ERROR:process_memory_win.cc(73)] ReadMemory at 0x1f73b827400 of 132 bytes failed: Seule une partie d’une requête ReadProcessMemory ou WriteProcessMemory a été effectuée. (0x12B)
[1019/090822.984:ERROR:process_memory_win.cc(73)] ReadMemory at 0x1f73b827660 of 132 bytes failed: Seule une partie d’une requête ReadProcessMemory ou WriteProcessMemory a été effectuée. (0x12B)
[1019/090822.984:ERROR:process_memory_win.cc(73)] ReadMemory at 0x1f73b827790 of 132 bytes failed: Seule une partie d’une requête ReadProcessMemory ou WriteProcessMemory a été effectuée. (0x12B)
[1019/090822.984:ERROR:process_memory_win.cc(73)] ReadMemory at 0x1f73b8278c0 of 132 bytes failed: Seule une partie d’une requête ReadProcessMemory ou WriteProcessMemory a été effectuée. (0x12B)
[1019/090822.984:ERROR:process_memory_win.cc(73)] ReadMemory at 0x1f73b8279f0 of 132 bytes failed: Seule une partie d’une requête ReadProcessMemory ou WriteProcessMemory a été effectuée. (0x12B)
[1019/090822.984:ERROR:process_memory_win.cc(73)] ReadMemory at 0x1f73b827b20 of 132 bytes failed: Seule une partie d’une requête ReadProcessMemory ou WriteProcessMemory a été effectuée. (0x12B)
[1019/090822.984:ERROR:process_memory_win.cc(73)] ReadMemory at 0x1f73b827c50 of 132 bytes failed: Seule une partie d’une requête ReadProcessMemory ou WriteProcessMemory a été effectuée. (0x12B)
[1019/090822.984:ERROR:process_memory_win.cc(73)] ReadMemory at 0x1f73b827d80 of 132 bytes failed: Seule une partie d’une requête ReadProcessMemory ou WriteProcessMemory a été effectuée. (0x12B)
[1019/090822.984:ERROR:process_memory_win.cc(73)] ReadMemory at 0x1f73b82f8b0 of 58 bytes failed: Seule une partie d’une requête ReadProcessMemory ou WriteProcessMemory a été effectuée. (0x12B)
[1019/090822.984:ERROR:process_memory_win.cc(73)] ReadMemory at 0x1f73b82f950 of 58 bytes failed: Seule une partie d’une requête ReadProcessMemory ou WriteProcessMemory a été effectuée. (0x12B)
[1019/090822.984:ERROR:process_memory_win.cc(73)] ReadMemory at 0x1f73b82fbd0 of 60 bytes failed: Seule une partie d’une requête ReadProcessMemory ou WriteProcessMemory a été effectuée. (0x12B)
[1019/090822.984:ERROR:process_memory_win.cc(73)] ReadMemory at 0x1f73b82fc20 of 66 bytes failed: Seule une partie d’une requête ReadProcessMemory ou WriteProcessMemory a été effectuée. (0x12B)
[1019/090822.984:ERROR:process_memory_win.cc(73)] ReadMemory at 0x1f73b844730 of 58 bytes failed: Seule une partie d’une requête ReadProcessMemory ou WriteProcessMemory a été effectuée. (0x12B)
[1019/090822.984:ERROR:process_memory_win.cc(73)] ReadMemory at 0x1f73b8614d0 of 512 bytes failed: Seule une partie d’une requête ReadProcessMemory ou WriteProcessMemory a été effectuée. (0x12B)
[1019/090822.984:ERROR:process_memory_win.cc(73)] ReadMemory at 0x1f73b87c540 of 512 bytes failed: Seule une partie d’une requête ReadProcessMemory ou WriteProcessMemory a été effectuée. (0x12B)
[1019/090822.984:ERROR:process_memory_win.cc(73)] ReadMemory at 0x1f73b895830 of 512 bytes failed: Seule une partie d’une requête ReadProcessMemory ou WriteProcessMemory a été effectuée. (0x12B)
[1019/090822.984:ERROR:process_memory_win.cc(73)] ReadMemory at 0x1f73b896030 of 512 bytes failed: Seule une partie d’une requête ReadProcessMemory ou WriteProcessMemory a été effectuée. (0x12B)
[1019/090822.984:ERROR:process_memory_win.cc(73)] ReadMemory at 0x1f73b8971b0 of 512 bytes failed: Seule une partie d’une requête ReadProcessMemory ou WriteProcessMemory a été effectuée. (0x12B)
[1019/090822.985:ERROR:process_memory_win.cc(73)] ReadMemory at 0x1f73b89f9c0 of 512 bytes failed: Seule une partie d’une requête ReadProcessMemory ou WriteProcessMemory a été effectuée. (0x12B)
[1019/090822.985:ERROR:process_memory_win.cc(73)] ReadMemory at 0x1f73b8aed30 of 512 bytes failed: Seule une partie d’une requête ReadProcessMemory ou WriteProcessMemory a été effectuée. (0x12B)
[1019/090822.985:ERROR:process_memory_win.cc(73)] ReadMemory at 0x1f73b8af710 of 712 bytes failed: Seule une partie d’une requête ReadProcessMemory ou WriteProcessMemory a été effectuée. (0x12B)
[1019/090822.985:ERROR:process_memory_win.cc(73)] ReadMemory at 0x1f73b8d9a80 of 512 bytes failed: Seule une partie d’une requête ReadProcessMemory ou WriteProcessMemory a été effectuée. (0x12B)
[1019/090822.985:ERROR:process_memory_win.cc(73)] ReadMemory at 0x1f73d2c0000 of 384 bytes failed: Seule une partie d’une requête ReadProcessMemory ou WriteProcessMemory a été effectuée. (0x12B)
[1019/090822.985:ERROR:process_memory_win.cc(73)] ReadMemory at 0x1f73d2c8740 of 512 bytes failed: Seule une partie d’une requête ReadProcessMemory ou WriteProcessMemory a été effectuée. (0x12B)
[1019/090822.985:ERROR:process_memory_win.cc(73)] ReadMemory at 0x1f73d2c9bf2 of 916 bytes failed: Seule une partie d’une requête ReadProcessMemory ou WriteProcessMemory a été effectuée. (0x12B)
[1019/090822.985:ERROR:process_memory_win.cc(73)] ReadMemory at 0x1f73d2d1418 of 512 bytes failed: Seule une partie d’une requête ReadProcessMemory ou WriteProcessMemory a été effectuée. (0x12B)
[1019/090822.985:ERROR:process_memory_win.cc(73)] ReadMemory at 0x1f73d35ab20 of 512 bytes failed: Seule une partie d’une requête ReadProcessMemory ou WriteProcessMemory a été effectuée. (0x12B)
[1019/090822.985:ERROR:process_memory_win.cc(73)] ReadMemory at 0x1f73d38be90 of 512 bytes failed: Seule une partie d’une requête ReadProcessMemory ou WriteProcessMemory a été effectuée. (0x12B)
[1019/090822.985:ERROR:process_memory_win.cc(73)] ReadMemory at 0x1f73d39a0c8 of 800 bytes failed: Seule une partie d’une requête ReadProcessMemory ou WriteProcessMemory a été effectuée. (0x12B)
[1019/090822.985:ERROR:process_memory_win.cc(73)] ReadMemory at 0x1f73d39a428 of 800 bytes failed: Seule une partie d’une requête ReadProcessMemory ou WriteProcessMemory a été effectuée. (0x12B)
[1019/090822.985:ERROR:process_memory_win.cc(73)] ReadMemory at 0x1f73d6e5881 of 512 bytes failed: Seule une partie d’une requête ReadProcessMemory ou WriteProcessMemory a été effectuée. (0x12B)
[1019/090822.986:ERROR:process_memory_win.cc(73)] ReadMemory at 0x1f73d70acd0 of 512 bytes failed: Seule une partie d’une requête ReadProcessMemory ou WriteProcessMemory a été effectuée. (0x12B)
[1019/090822.986:ERROR:process_memory_win.cc(73)] ReadMemory at 0x66ce9eeb0b88 of 512 bytes failed: Seule une partie d’une requête ReadProcessMemory ou WriteProcessMemory a été effectuée. (0x12B)
[1019/090822.986:ERROR:process_memory_win.cc(73)] ReadMemory at 0x7ff9cedc2d83 of 512 bytes failed: Seule une partie d’une requête ReadProcessMemory ou WriteProcessMemory a été effectuée. (0x12B)
[1019/090822.986:ERROR:process_memory_win.cc(73)] ReadMemory at 0x7ff9d38fb558 of 512 bytes failed: Seule une partie d’une requête ReadProcessMemory ou WriteProcessMemory a été effectuée. (0x12B)
[1019/090822.986:ERROR:process_memory_win.cc(73)] ReadMemory at 0x7ffa5dadd700 of 512 bytes failed: Seule une partie d’une requête ReadProcessMemory ou WriteProcessMemory a été effectuée. (0x12B)
[1019/090822.986:ERROR:process_memory_win.cc(73)] ReadMemory at 0x7ffa5e331fd0 of 512 bytes failed: Seule une partie d’une requête ReadProcessMemory ou WriteProcessMemory a été effectuée. (0x12B)
[1019/090822.986:ERROR:process_memory_win.cc(73)] ReadMemory at 0x7ffa5fefc0c4 of 672 bytes failed: Seule une partie d’une requête ReadProcessMemory ou WriteProcessMemory a été effectuée. (0x12B)
[1019/090822.986:ERROR:process_memory_win.cc(73)] ReadMemory at 0x7ffa5fefc6c4 of 512 bytes failed: Seule une partie d’une requête ReadProcessMemory ou WriteProcessMemory a été effectuée. (0x12B)
[1019/090822.986:ERROR:process_memory_win.cc(73)] ReadMemory at 0x7ffa5feff974 of 608 bytes failed: Seule une partie d’une requête ReadProcessMemory ou WriteProcessMemory a été effectuée. (0x12B)
[1019/090822.986:ERROR:process_memory_win.cc(73)] ReadMemory at 0x7ffa5ff8c428 of 18 bytes failed: Seule une partie d’une requête ReadProcessMemory ou WriteProcessMemory a été effectuée. (0x12B)
[1019/090822.986:ERROR:process_memory_win.cc(73)] ReadMemory at 0x7ffa5ffbf4f8 of 40 bytes failed: Seule une partie d’une requête ReadProcessMemory ou WriteProcessMemory a été effectuée. (0x12B)
[1019/090822.986:ERROR:process_memory_win.cc(73)] ReadMemory at 0x7ffa5ffbf978 of 48 bytes failed: Seule une partie d’une requête ReadProcessMemory ou WriteProcessMemory a été effectuée. (0x12B)
[1019/090822.986:ERROR:process_memory_win.cc(73)] ReadMemory at 0x7ffa5ffc53c0 of 64 bytes failed: Seule une partie d’une requête ReadProcessMemory ou WriteProcessMemory a été effectuée. (0x12B)
[1019/090822.988:ERROR:scoped_process_suspend.cc(40)] NtResumeProcess: Tentative d’accès à un processus en cours d’arrêt. (0xc000010a)
